<?xml version="1.0" encoding="UTF-8"?>
<!-- Generated by org.testng.reporters.JUnitReportReporter -->
<testsuite hostname="DESKTOP-J70ARG0" failures="0" tests="1" name="com.interview.pratice.WebTable" time="1.666" errors="0" timestamp="2021-06-20T23:25:35 IST" skipped="0">
  <testcase classname="com.interview.pratice.WebTable" name="WebTableTestCases" time="1.666"/>
  <system-out/>
</testsuite> <!-- com.interview.pratice.WebTable -->
