<?xml version="1.0" encoding="UTF-8"?>
<!-- Generated by org.testng.reporters.JUnitReportReporter -->
<testsuite skipped="0" hostname="DESKTOP-J70ARG0" name="com.myntra.testcases.AddMenShirtToCartAndVerifyCart" tests="1" failures="0" timestamp="2021-05-09T23:29:00 IST" time="0.034" errors="0">
  <testcase name="AddMenShirtToCartAndVerifyCart" time="0.034" classname="com.myntra.testcases.AddMenShirtToCartAndVerifyCart"/>
  <system-out/>
</testsuite> <!-- com.myntra.testcases.AddMenShirtToCartAndVerifyCart -->
