<?xml version="1.0" encoding="UTF-8"?>
<!-- Generated by org.testng.reporters.JUnitReportReporter -->
<testsuite skipped="0" hostname="DESKTOP-J70ARG0" name="pdf.TestPDF" tests="1" failures="0" timestamp="2021-05-09T21:53:41 IST" time="9.483" errors="0">
  <testcase name="openBrowser" time="9.483" classname="pdf.TestPDF"/>
  <system-out/>
</testsuite> <!-- pdf.TestPDF -->
